<?xml version="1.0" encoding="utf-8"?><testsuites name="pytest tests"><testsuite name="pytest" errors="0" failures="0" skipped="0" tests="19" time="5.731" timestamp="2026-05-11T23:19:10.414652+00:00" hostname="agent-env-9fa0ef5c-bfcb-47fe-93e6-06b81351f54f"><testcase classname="backend.tests.test_new_features.TestPhotoUpload" name="test_upload_photo_admin" time="1.036" /><testcase classname="backend.tests.test_new_features.TestPhotoUpload" name="test_upload_photo_invalid_type" time="0.292" /><testcase classname="backend.tests.test_new_features.TestPhotoUpload" name="test_upload_photo_non_admin_forbidden" time="0.525" /><testcase classname="backend.tests.test_new_features.TestPhotoUpload" name="test_upload_photo_student_not_found" time="0.163" /><testcase classname="backend.tests.test_new_features.TestAnnouncements" name="test_admin_create_announcement_all" time="0.115" /><testcase classname="backend.tests.test_new_features.TestAnnouncements" name="test_admin_create_announcement_parent_only" time="0.101" /><testcase classname="backend.tests.test_new_features.TestAnnouncements" name="test_admin_create_announcement_teacher_only" time="0.107" /><testcase classname="backend.tests.test_new_features.TestAnnouncements" name="test_admin_create_announcement_invalid_role" time="0.099" /><testcase classname="backend.tests.test_new_features.TestAnnouncements" name="test_admin_list_announcements" time="0.106" /><testcase classname="backend.tests.test_new_features.TestAnnouncements" name="test_teacher_sees_all_and_teacher" time="0.123" /><testcase classname="backend.tests.test_new_features.TestAnnouncements" name="test_parent_sees_all_and_parent" time="0.459" /><testcase classname="backend.tests.test_new_features.TestAnnouncements" name="test_notification_created_for_target_users" time="0.199" /><testcase classname="backend.tests.test_new_features.TestAnnouncements" name="test_non_admin_cannot_create" time="0.105" /><testcase classname="backend.tests.test_new_features.TestAnnouncements" name="test_admin_delete_announcement" time="0.429" /><testcase classname="backend.tests.test_new_features.TestTelegram" name="test_initial_status_unlinked" time="0.548" /><testcase classname="backend.tests.test_new_features.TestTelegram" name="test_link_telegram" time="0.114" /><testcase classname="backend.tests.test_new_features.TestTelegram" name="test_status_after_link" time="0.109" /><testcase classname="backend.tests.test_new_features.TestTelegram" name="test_unlink_telegram" time="0.250" /><testcase classname="backend.tests.test_new_features.TestAttendanceNotifies" name="test_absent_creates_parent_notification" time="0.710" /></testsuite></testsuites>