<?xml version="1.0" encoding="utf-8"?><testsuites name="pytest tests"><testsuite name="pytest" errors="0" failures="0" skipped="0" tests="28" time="8.465" timestamp="2026-05-10T11:59:42.432165+00:00" hostname="agent-env-9fa0ef5c-bfcb-47fe-93e6-06b81351f54f"><testcase classname="backend.tests.test_lumikids.TestHealth" name="test_root" time="0.227" /><testcase classname="backend.tests.test_lumikids.TestAuth" name="test_admin_login" time="0.363" /><testcase classname="backend.tests.test_lumikids.TestAuth" name="test_teacher_login" time="0.368" /><testcase classname="backend.tests.test_lumikids.TestAuth" name="test_parent_login" time="0.330" /><testcase classname="backend.tests.test_lumikids.TestAuth" name="test_invalid_login" time="0.324" /><testcase classname="backend.tests.test_lumikids.TestAuth" name="test_me" time="0.427" /><testcase classname="backend.tests.test_lumikids.TestAuth" name="test_me_no_token" time="0.130" /><testcase classname="backend.tests.test_lumikids.TestPublicEnroll" name="test_submit_enrollment" time="0.111" /><testcase classname="backend.tests.test_lumikids.TestAdminStatsAndLists" name="test_stats" time="0.129" /><testcase classname="backend.tests.test_lumikids.TestAdminStatsAndLists" name="test_list_users" time="0.167" /><testcase classname="backend.tests.test_lumikids.TestAdminStatsAndLists" name="test_list_classes" time="0.164" /><testcase classname="backend.tests.test_lumikids.TestAdminStatsAndLists" name="test_list_students" time="0.103" /><testcase classname="backend.tests.test_lumikids.TestAdminStatsAndLists" name="test_list_enrollments" time="0.105" /><testcase classname="backend.tests.test_lumikids.TestAdminUserCRUD" name="test_create_update_delete_user" time="0.880" /><testcase classname="backend.tests.test_lumikids.TestAdminClassCRUD" name="test_class_crud" time="0.528" /><testcase classname="backend.tests.test_lumikids.TestAdminStudentCRUD" name="test_student_crud" time="0.554" /><testcase classname="backend.tests.test_lumikids.TestEnrollmentDecision" name="test_approve_enrollment" time="0.548" /><testcase classname="backend.tests.test_lumikids.TestTeacher" name="test_dashboard" time="0.448" /><testcase classname="backend.tests.test_lumikids.TestTeacher" name="test_students" time="0.097" /><testcase classname="backend.tests.test_lumikids.TestTeacher" name="test_reports" time="0.113" /><testcase classname="backend.tests.test_lumikids.TestTeacher" name="test_attendance_bulk" time="0.299" /><testcase classname="backend.tests.test_lumikids.TestParent" name="test_dashboard" time="0.420" /><testcase classname="backend.tests.test_lumikids.TestParent" name="test_child_attendance" time="0.206" /><testcase classname="backend.tests.test_lumikids.TestMessaging" name="test_contacts_and_send" time="0.741" /><testcase classname="backend.tests.test_lumikids.TestNotifications" name="test_list_and_read_all" time="0.199" /><testcase classname="backend.tests.test_lumikids.TestRoleGuards" name="test_parent_cannot_access_admin" time="0.095" /><testcase classname="backend.tests.test_lumikids.TestRoleGuards" name="test_teacher_cannot_access_admin" time="0.104" /><testcase classname="backend.tests.test_lumikids.TestRoleGuards" name="test_parent_cannot_access_teacher" time="0.106" /></testsuite></testsuites>